[debug] [2021-05-21T21:19:28.086Z] ----------------------------------------------------------------------
[debug] [2021-05-21T21:19:28.112Z] Command:       C:\Program Files\nodejs\node.exe C:\Users\TOSHIBA\AppData\Roaming\npm\node_modules\firebase-tools\lib\bin\firebase.js init
[debug] [2021-05-21T21:19:28.112Z] CLI Version:   9.11.0
[debug] [2021-05-21T21:19:28.112Z] Platform:      win32
[debug] [2021-05-21T21:19:28.113Z] Node Version:  v12.18.2
[debug] [2021-05-21T21:19:28.235Z] Time:          Fri May 21 2021 22:19:28 GMT+0100 (West Africa Standard Time)
[debug] [2021-05-21T21:19:28.235Z] ----------------------------------------------------------------------
[debug] 
[debug] [2021-05-21T21:19:28.308Z] > command requires scopes: ["email","openid","https://www.googleapis.com/auth/cloudplatformprojects.readonly","https://www.googleapis.com/auth/firebase","https://www.googleapis.com/auth/cloud-platform"]
[debug] [2021-05-21T21:19:28.309Z] > authorizing via signed-in user (ifyan.ia@gmail.com)
[info] 
     ######## #### ########  ######## ########     ###     ######  ########
     ##        ##  ##     ## ##       ##     ##  ##   ##  ##       ##
     ######    ##  ########  ######   ########  #########  ######  ######
     ##        ##  ##    ##  ##       ##     ## ##     ##       ## ##
     ##       #### ##     ## ######## ########  ##     ##  ######  ########

You're about to initialize a Firebase project in this directory:

  C:\Users\TOSHIBA\Desktop\alaba

Before we get started, keep in mind:

  * You are initializing in an existing Firebase project directory

[info] 
=== Project Setup
[info] 
[info] First, let's associate this project directory with a Firebase project.
[info] You can create multiple project aliases by running firebase use --add, 
[info] but for now we'll just set up a default project.
[info] 
[info] i  .firebaserc already has a default project, using alaba-82118. 
[debug] [2021-05-21T21:19:53.071Z] > refreshing access token with scopes: []
[debug] [2021-05-21T21:19:53.073Z] >>> HTTP REQUEST POST https://www.googleapis.com/oauth2/v3/token  
 <request body omitted>
[debug] [2021-05-21T21:19:54.372Z] <<< HTTP RESPONSE 200 {"cache-control":"no-cache, no-store, max-age=0, must-revalidate","date":"Fri, 21 May 2021 21:19:54 GMT","pragma":"no-cache","expires":"Mon, 01 Jan 1990 00:00:00 GMT","content-type":"application/json; charset=utf-8","vary":"X-Origin, Referer, Origin,Accept-Encoding","server":"scaffolding on HTTPServer2","x-xss-protection":"0","x-frame-options":"SAMEORIGIN","x-content-type-options":"nosniff","alt-svc":"h3-29=\":443\"; ma=2592000,h3-T051=\":443\"; ma=2592000,h3-Q050=\":443\"; ma=2592000,h3-Q046=\":443\"; ma=2592000,h3-Q043=\":443\"; ma=2592000,quic=\":443\"; ma=2592000; v=\"46,43\"","accept-ranges":"none","transfer-encoding":"chunked"}
[debug] [2021-05-21T21:19:54.396Z] >>> [apiv2][query] GET https://firebase.googleapis.com/v1beta1/projects/alaba-82118 [none]
[debug] [2021-05-21T21:19:55.591Z] <<< [apiv2][status] GET https://firebase.googleapis.com/v1beta1/projects/alaba-82118 200
[debug] [2021-05-21T21:19:55.592Z] <<< [apiv2][body] GET https://firebase.googleapis.com/v1beta1/projects/alaba-82118 {"projectId":"alaba-82118","projectNumber":"862333647153","displayName":"alaba","name":"projects/alaba-82118","resources":{"hostingSite":"alaba-82118","storageBucket":"alaba-82118.appspot.com","locationId":"us-central"},"state":"ACTIVE"}
[info] 
=== Hosting Setup
[info] 
[info] Your public directory is the folder (relative to your project directory) that
[info] will contain Hosting assets to be uploaded with firebase deploy. If you
[info] have a build process for your assets, use your build's output directory.
[info] 
[debug] [2021-05-21T21:20:50.576Z] >>> [apiv2][query] GET https://www.gstatic.com/firebasejs/releases.json [none]
[debug] [2021-05-21T21:20:51.706Z] <<< [apiv2][status] GET https://www.gstatic.com/firebasejs/releases.json 200
[debug] [2021-05-21T21:20:51.707Z] <<< [apiv2][body] GET https://www.gstatic.com/firebasejs/releases.json {"current":{"version":"8.6.2","browserURL":"https://www.gstatic.com/firebasejs/8.6.2/firebase.js","packageURL":"https://www.gstatic.com/firebasejs/8.6.2/firebase.tgz"},"live":{"version":"8.6","browserURL":"https://www.gstatic.com/firebasejs/live/8.6/firebase.js","packageURL":"https://www.gstatic.com/firebasejs/live/8.6/firebase.tgz"},"components":{"analytics":"https://www.gstatic.com/firebasejs/8.6.2/firebase-analytics.js","app":"https://www.gstatic.com/firebasejs/8.6.2/firebase-app.js","app-check":"https://www.gstatic.com/firebasejs/8.6.2/firebase-app-check.js","auth":"https://www.gstatic.com/firebasejs/8.6.2/firebase-auth.js","database":"https://www.gstatic.com/firebasejs/8.6.2/firebase-database.js","firestore":"https://www.gstatic.com/firebasejs/8.6.2/firebase-firestore.js","functions":"https://www.gstatic.com/firebasejs/8.6.2/firebase-functions.js","installations":"https://www.gstatic.com/firebasejs/8.6.2/firebase-installations.js","messaging":"https://www.gstatic.com/firebasejs/8.6.2/firebase-messaging.js","storage":"https://www.gstatic.com/firebasejs/8.6.2/firebase-storage.js","performance":"https://www.gstatic.com/firebasejs/8.6.2/firebase-performance.js","remote-config":"https://www.gstatic.com/firebasejs/8.6.2/firebase-remote-config.js","firestore.memory":"https://www.gstatic.com/firebasejs/8.6.2/firebase-firestore.memory.js"}}
[info] +  Wrote build/index.html 
[info] 
[info] i  Detected a .git folder at C:\Users\TOSHIBA 
[info] i  Authorizing with GitHub to upload your service account to a GitHub repository's secrets store. 
[info] 
[info] Visit this URL on this device to log in:
[info] https://github.com/login/oauth/authorize?client_id=89cf50f02ac6aaed3484&state=463580518&redirect_uri=http%3A%2F%2Flocalhost%3A9005&scope=read%3Auser%20repo%20public_repo
[info] 
[info] Waiting for authentication...
[debug] [2021-05-21T21:23:27.567Z] >>> HTTP REQUEST POST https://github.com/login/oauth/access_token  
 {"client_id":"89cf50f02ac6aaed3484","client_secret":"3330d14abc895d9a74d5f17cd7a00711fa2c5bf0","code":"bfa799e41e79513505ce","redirect_uri":"http://localhost:9005","state":"463580518"}
[debug] [2021-05-21T21:23:28.271Z] <<< HTTP RESPONSE 200 {"server":"GitHub.com","date":"Fri, 21 May 2021 21:23:28 GMT","content-type":"application/json; charset=utf-8","transfer-encoding":"chunked","vary":"X-PJAX, Accept-Encoding, Accept, X-Requested-With","permissions-policy":"interest-cohort=()","etag":"W/\"e930e6f108e2215b5b40321f56b1078f\"","cache-control":"max-age=0, private, must-revalidate","strict-transport-security":"max-age=31536000; includeSubdomains; preload","x-frame-options":"deny","x-content-type-options":"nosniff","x-xss-protection":"0","referrer-policy":"origin-when-cross-origin, strict-origin-when-cross-origin","expect-ct":"max-age=2592000, report-uri=\"https://api.github.com/_private/browser/errors\"","content-security-policy":"default-src 'none'; base-uri 'self'; block-all-mixed-content; connect-src 'self' uploads.github.com www.githubstatus.com collector.githubapp.com api.github.com github-cloud.s3.amazonaws.com github-production-repository-file-5c1aeb.s3.amazonaws.com github-production-upload-manifest-file-7fdce7.s3.amazonaws.com github-production-user-asset-6210df.s3.amazonaws.com cdn.optimizely.com logx.optimizely.com/v1/events wss://alive.github.com; font-src github.githubassets.com; form-action 'self' github.com gist.github.com; frame-ancestors 'none'; frame-src render.githubusercontent.com; img-src 'self' data: github.githubassets.com identicons.github.com collector.githubapp.com github-cloud.s3.amazonaws.com secured-user-images.githubusercontent.com/ *.githubusercontent.com; manifest-src 'self'; media-src 'none'; script-src github.githubassets.com; style-src 'unsafe-inline' github.githubassets.com; worker-src github.com/socket-worker-3f088aa2.js gist.github.com/socket-worker-3f088aa2.js","x-github-request-id":"6A0F:5C60:41C8CB:44DD09:60A824D0"}
[debug] [2021-05-21T21:23:28.354Z] >>> [apiv2][query] GET https://api.github.com/user [none]
[debug] [2021-05-21T21:23:29.099Z] <<< [apiv2][status] GET https://api.github.com/user 200
[debug] [2021-05-21T21:23:29.099Z] <<< [apiv2][body] GET https://api.github.com/user {"login":"IfyAn","id":52211867,"node_id":"MDQ6VXNlcjUyMjExODY3","avatar_url":"https://avatars.githubusercontent.com/u/52211867?v=4","gravatar_id":"","url":"https://api.github.com/users/IfyAn","html_url":"https://github.com/IfyAn","followers_url":"https://api.github.com/users/IfyAn/followers","following_url":"https://api.github.com/users/IfyAn/following{/other_user}","gists_url":"https://api.github.com/users/IfyAn/gists{/gist_id}","starred_url":"https://api.github.com/users/IfyAn/starred{/owner}{/repo}","subscriptions_url":"https://api.github.com/users/IfyAn/subscriptions","organizations_url":"https://api.github.com/users/IfyAn/orgs","repos_url":"https://api.github.com/users/IfyAn/repos","events_url":"https://api.github.com/users/IfyAn/events{/privacy}","received_events_url":"https://api.github.com/users/IfyAn/received_events","type":"User","site_admin":false,"name":null,"company":null,"blog":"","location":null,"email":null,"hireable":null,"bio":null,"twitter_username":null,"public_repos":49,"public_gists":3,"followers":0,"following":0,"created_at":"2019-06-25T15:44:24Z","updated_at":"2021-05-21T21:23:27Z","private_gists":4,"total_private_repos":1,"owned_private_repos":0,"disk_usage":78411,"collaborators":0,"two_factor_authentication":false,"plan":{"name":"free","space":976562499,"collaborators":0,"private_repos":10000}}
[info] 
[info] +  Success! Logged into GitHub as IfyAn 
[info] 
[debug] [2021-05-21T21:23:44.158Z] >>> [apiv2][query] GET https://api.github.com/repos/y/actions/secrets/public-key type=owner
[debug] [2021-05-21T21:23:44.829Z] <<< [apiv2][status] GET https://api.github.com/repos/y/actions/secrets/public-key 404
[debug] [2021-05-21T21:23:44.830Z] <<< [apiv2][body] GET https://api.github.com/repos/y/actions/secrets/public-key {"message":"Not Found","documentation_url":"https://docs.github.com/rest"}
[debug] [2021-05-21T21:25:21.115Z] >>> [apiv2][query] GET https://api.github.com/repos/ user/repository/actions/secrets/public-key type=owner
[debug] [2021-05-21T21:25:21.850Z] <<< [apiv2][status] GET https://api.github.com/repos/ user/repository/actions/secrets/public-key 404
[debug] [2021-05-21T21:25:21.850Z] <<< [apiv2][body] GET https://api.github.com/repos/ user/repository/actions/secrets/public-key {"message":"Not Found","documentation_url":"https://docs.github.com/rest/reference/actions#get-a-repository-public-key"}
[debug] [2021-05-21T21:27:14.432Z] >>> [apiv2][query] GET https://api.github.com/repos/IfyAn/actions/secrets/public-key type=owner
[debug] [2021-05-21T21:27:15.177Z] <<< [apiv2][status] GET https://api.github.com/repos/IfyAn/actions/secrets/public-key 404
[debug] [2021-05-21T21:27:15.177Z] <<< [apiv2][body] GET https://api.github.com/repos/IfyAn/actions/secrets/public-key {"message":"Not Found","documentation_url":"https://docs.github.com/rest"}
[debug] [2021-05-21T21:27:36.539Z] >>> [apiv2][query] GET https://api.github.com/repos//actions/secrets/public-key type=owner
[debug] [2021-05-21T21:27:37.214Z] <<< [apiv2][status] GET https://api.github.com/repos//actions/secrets/public-key 404
[debug] [2021-05-21T21:27:37.214Z] <<< [apiv2][body] GET https://api.github.com/repos//actions/secrets/public-key {"message":"Not Found","documentation_url":"https://docs.github.com/rest"}
[debug] [2021-05-21T21:27:37.844Z] >>> [apiv2][query] GET https://api.github.com/repos//actions/secrets/public-key type=owner
[debug] [2021-05-21T21:27:39.541Z] <<< [apiv2][status] GET https://api.github.com/repos//actions/secrets/public-key 404
[debug] [2021-05-21T21:27:39.541Z] <<< [apiv2][body] GET https://api.github.com/repos//actions/secrets/public-key {"message":"Not Found","documentation_url":"https://docs.github.com/rest"}
